Compiling the CXX compiler identification source file "CMakeCXXCompilerId.cpp" failed.
Compiler: C:/Program_Files_(x86)/GNU_Arm Embedded_Toolchain/10_2021.10/bin/arm-none-eabi-g++.exe 
Build flags: -mcpu=cortex-m4;-mthumb;-mfpu=fpv4-sp-d16;;;;;;;;;;;;;;;;;;;;;;;;;;;;;-mfloat-abi=hard;-Og;-Wall;-fdata-sections;;;;;;;;;;;;;;;;;;;;;;;;;;;;;-ffunction-sections;-MMD;-MP;-MF;-ggdb;-g3;;;;;;;;;;;;;;;;;;;;;;;;;;;;;-fno-rtti;-Wvla
Id flags:  

The output was:
1
c:/program_files_(x86)/gnu_arm embedded_toolchain/10_2021.10/bin/../lib/gcc/arm-none-eabi/10.3.1/../../../../arm-none-eabi/bin/ld.exe: c:/program_files_(x86)/gnu_arm embedded_toolchain/10_2021.10/bin/../lib/gcc/arm-none-eabi/10.3.1/../../../../arm-none-eabi/lib/thumb/v7e-m+fp/hard\libg.a(lib_a-exit.o): in function `exit':
exit.c:(.text.exit+0x16): undefined reference to `_exit'
collect2.exe: error: ld returned 1 exit status


The CXX compiler identification could not be found in "C:/Users/trevo/CLionProjects/BMS/cmake-build-debug/CMakeFiles/3.23.2/CompilerIdCXX/-ggdb"

Compiling the C compiler identification source file "CMakeCCompilerId.c" failed.
Compiler: C:/Program_Files_(x86)/GNU_Arm Embedded_Toolchain/10_2021.10/bin/arm-none-eabi-gcc.exe 
Build flags: -mcpu=cortex-m4;-mthumb;-mfpu=fpv4-sp-d16;;;;;;;;;;;;;;;;;;;;;;;;;;;;;-mfloat-abi=hard;-Og;-Wall;-fdata-sections;;;;;;;;;;;;;;;;;;;;;;;;;;;;;-ffunction-sections;-MMD;-MP;-MF;-ggdb;-g3;;;;;;;;;;;;;;;;;;;;;;;;;;;;;-std=gnu99
Id flags:  

The output was:
1
c:/program_files_(x86)/gnu_arm embedded_toolchain/10_2021.10/bin/../lib/gcc/arm-none-eabi/10.3.1/../../../../arm-none-eabi/bin/ld.exe: c:/program_files_(x86)/gnu_arm embedded_toolchain/10_2021.10/bin/../lib/gcc/arm-none-eabi/10.3.1/../../../../arm-none-eabi/lib/thumb/v7e-m+fp/hard\libg.a(lib_a-exit.o): in function `exit':
exit.c:(.text.exit+0x16): undefined reference to `_exit'
collect2.exe: error: ld returned 1 exit status


The C compiler identification could not be found in "C:/Users/trevo/CLionProjects/BMS/cmake-build-debug/CMakeFiles/3.23.2/CompilerIdC/-ggdb"

